28
##########
#xx......#
#xxo..#..#
#..#o##.##
#.o.....##
#####.#.##
###.Io..##
###.....##
##########

29
##########
#xx......#
#xxo..#..#
#..#o##.##
#.o.....##
#####.#.##
###..Io.##
###.....##
##########

30
##########
#xx......#
#xxo..#..#
#..#o##.##
#.o.....##
#####.#.##
###...Io##
###.....##
##########

31
##########
#xx......#
#xxo..#..#
#..#o##.##
#.o.....##
#####.#o##
###....I##
###.....##
##########

32
##########
#xx......#
#xxo..#..#
#..#o##.##
#.o....o##
#####.#I##
###.....##
###.....##
##########

33
##########
#xx......#
#xxo..#..#
#..#o##o##
#.o....I##
#####.#.##
###.....##
###.....##
##########

34
##########
#xx......#
#xxo..#o.#
#..#o##I##
#.o.....##
#####.#.##
###.....##
###.....##
##########

35
##########
#xx....o.#
#xxo..#I.#
#..#o##.##
#.o.....##
#####.#.##
###.....##
###.....##
##########

36
##########
#xx...oI.#
#xxo..#..#
#..#o##.##
#.o.....##
#####.#.##
###.....##
###.....##
##########

37
##########
#xx..oI..#
#xxo..#..#
#..#o##.##
#.o.....##
#####.#.##
###.....##
###.....##
##########

38
##########
#xx.oI...#
#xxo..#..#
#..#o##.##
#.o.....##
#####.#.##
###.....##
###.....##
##########

39
##########
#xxoI....#
#xxo..#..#
#..#o##.##
#.o.....##
#####.#.##
###.....##
###.....##
##########

40
##########
#xOI.....#
#xxo..#..#
#..#o##.##
#.o.....##
#####.#.##
###.....##
###.....##
##########

41
##########
#OI......#
#xxo..#..#
#..#o##.##
#.o.....##
#####.#.##
###.....##
###.....##
##########

42
##########
#Ox......#
#xOI..#..#
#..#o##.##
#.o.....##
#####.#.##
###.....##
###.....##
##########

43
##########
#Ox......#
#OI...#..#
#..#o##.##
#.o.....##
#####.#.##
###.....##
###.....##
##########

44
##########
#Ox......#
#Ox...#..#
#..#o##.##
#.Io....##
#####.#.##
###.....##
###.....##
##########

45
##########
#Ox......#
#Ox...#..#
#..#o##.##
#..Io...##
#####.#.##
###.....##
###.....##
##########

46
##########
#Ox......#
#Ox...#..#
#..#o##.##
#...Io..##
#####.#.##
###.....##
###.....##
##########

47
##########
#Ox......#
#Ox.o.#..#
#..#I##.##
#....o..##
#####.#.##
###.....##
###.....##
##########

48
##########
#Ox......#
#Ox.o.#..#
#..#.##.##
#....Io.##
#####.#.##
###.....##
###.....##
##########

49
##########
#Ox......#
#Ox.o.#..#
#..#.##.##
#.....Io##
#####.#.##
###.....##
###.....##
##########

50
##########
#Ox......#
#Ox.o.#..#
#..#.##o##
#......I##
#####.#.##
###.....##
###.....##
##########

51
##########
#Ox......#
#Ox.o.#o.#
#..#.##I##
#.......##
#####.#.##
###.....##
###.....##
##########

52
##########
#Ox....o.#
#Ox.o.#I.#
#..#.##.##
#.......##
#####.#.##
###.....##
###.....##
##########

53
##########
#Ox...oI.#
#Ox.o.#..#
#..#.##.##
#.......##
#####.#.##
###.....##
###.....##
##########

54
##########
#Ox..oI..#
#Ox.o.#..#
#..#.##.##
#.......##
#####.#.##
###.....##
###.....##
##########

55
##########
#Ox.oI...#
#Ox.o.#..#
#..#.##.##
#.......##
#####.#.##
###.....##
###.....##
##########

56
##########
#OxoI....#
#Ox.o.#..#
#..#.##.##
#.......##
#####.#.##
###.....##
###.....##
##########

57
##########
#OOI.....#
#Ox.o.#..#
#..#.##.##
#.......##
#####.#.##
###.....##
###.....##
##########

58
##########
#OO......#
#OxoI.#..#
#..#.##.##
#.......##
#####.#.##
###.....##
###.....##
##########

