40
########
##..####
##.I..##
###o#.##
#x#.#..#
#xo..#.#
#x...o.#
########

41
########
##..####
##....##
###o#.##
#x#.#..#
#xo..#.#
#x..oI.#
########

42
########
##..####
##....##
###o#.##
#x#.#..#
#xo..#.#
#x.oI..#
########

43
########
##..####
##....##
###o#.##
#x#.#..#
#OI..#.#
#x.o...#
########

44
########
##..####
##....##
###o#.##
#O#.#..#
#I...#.#
#x.o...#
########

45
########
##..####
##....##
###o#.##
#O#.#..#
#x...#.#
#xoI...#
########

46
########
##..####
##....##
###o#.##
#O#.#..#
#x...#.#
#OI....#
########

47
########
##..####
##....##
###I#.##
#O#o#..#
#x...#.#
#O.....#
########

48
########
##..####
##....##
###.#.##
#O#I#..#
#x.o.#.#
#O.....#
########

49
########
##..####
##....##
###.#.##
#O#.#..#
#xoI.#.#
#O.....#
########

